Arguments: 
  /home/thibs/.nvm/versions/node/v14.15.0/bin/node /usr/share/yarn/bin/yarn.js

PATH: 
  /home/thibs/.nvm/versions/node/v14.15.0/bin:/home/thibs/.local/bin:/usr/local/sbin:/usr/local/bin:/usr/sbin:/usr/bin:/sbin:/bin:/usr/games:/usr/local/games:/snap/bin:/home/thibs/.local/bin/

Yarn version: 
  1.22.4

Node version: 
  14.15.0

Platform: 
  linux x64

Trace: 
  SyntaxError: /home/thibs/Project/startup/yarn-monorepo/packages/lib-uno/package.json: Unexpected token } in JSON at position 87
      at JSON.parse (<anonymous>)
      at /usr/share/yarn/lib/cli.js:1625:59
      at Generator.next (<anonymous>)
      at step (/usr/share/yarn/lib/cli.js:310:30)
      at /usr/share/yarn/lib/cli.js:321:13

npm manifest: 
  {
    "name": "yarn-monorepo",
    "version": "1.0.0",
    "main": "index.js",
    "license": "MIT",
    "private": true,
    "workspaces": [
     "packages/*"
  ],
    "devDependencies": {
      "typescript": "^4.0.5"
    }
  }

yarn manifest: 
  No manifest

Lockfile: 
  # THIS IS AN AUTOGENERATED FILE. DO NOT EDIT THIS FILE DIRECTLY.
  # yarn lockfile v1
  
  
  typescript@^4.0.5:
    version "4.0.5"
    resolved "https://registry.yarnpkg.com/typescript/-/typescript-4.0.5.tgz#ae9dddfd1069f1cb5beb3ef3b2170dd7c1332389"
    integrity sha512-ywmr/VrTVCmNTJ6iV2LwIrfG1P+lv6luD8sUJs+2eI9NLGigaN+nUQc13iHqisq7bra9lnmUSYqbJvegraBOPQ==
