Arguments: 
  /home/thibs/.nvm/versions/node/v14.15.0/bin/node /usr/share/yarn/bin/yarn.js publish

PATH: 
  /home/thibs/.nvm/versions/node/v14.15.0/bin:/home/thibs/.local/bin:/usr/local/sbin:/usr/local/bin:/usr/sbin:/usr/bin:/sbin:/bin:/usr/games:/usr/local/games:/snap/bin:/home/thibs/.local/bin/

Yarn version: 
  1.22.4

Node version: 
  14.15.0

Platform: 
  linux x64

Trace: 
  Error: http://localhost:4873/thibs/-/user/org.couchdb.user:admin: authorization required to publish package thibs
      at Request.params.callback [as _callback] (/usr/share/yarn/lib/cli.js:66987:18)
      at Request.self.callback (/usr/share/yarn/lib/cli.js:140748:22)
      at Request.emit (events.js:315:20)
      at Request.<anonymous> (/usr/share/yarn/lib/cli.js:141720:10)
      at Request.emit (events.js:315:20)
      at IncomingMessage.<anonymous> (/usr/share/yarn/lib/cli.js:141642:12)
      at Object.onceWrapper (events.js:421:28)
      at IncomingMessage.emit (events.js:327:22)
      at endReadableNT (_stream_readable.js:1327:12)
      at processTicksAndRejections (internal/process/task_queues.js:80:21)

npm manifest: 
  {
    "name": "@company/lib-dos",
    "version": "1.0.0",
    "main": "dist/index.js",
    "license": "MIT",
    "publishConfig": {
      "registry": "http://localhost:4873/thibs"
    },
    "scripts": {
     "prebuild": "rm -rf dist",
     "build": "tsc -p tsconfig.json"
    },
    "peerDependencies": {
      "typescript": ">=4"
    }
  
  }

yarn manifest: 
  No manifest

Lockfile: 
  # THIS IS AN AUTOGENERATED FILE. DO NOT EDIT THIS FILE DIRECTLY.
  # yarn lockfile v1
  
  
  typescript@^4.0.5:
    version "4.0.5"
    resolved "https://registry.yarnpkg.com/typescript/-/typescript-4.0.5.tgz#ae9dddfd1069f1cb5beb3ef3b2170dd7c1332389"
    integrity sha512-ywmr/VrTVCmNTJ6iV2LwIrfG1P+lv6luD8sUJs+2eI9NLGigaN+nUQc13iHqisq7bra9lnmUSYqbJvegraBOPQ==
